[debug] [2025-11-28T19:30:37.997Z] ----------------------------------------------------------------------
[debug] [2025-11-28T19:30:37.998Z] Command:       C:\Program Files\nodejs\node.exe C:\Users\Aayush raj thakur\AppData\Roaming\npm\node_modules\firebase-tools\lib\bin\firebase.js projects:list
[debug] [2025-11-28T19:30:37.999Z] CLI Version:   14.26.0
[debug] [2025-11-28T19:30:37.999Z] Platform:      win32
[debug] [2025-11-28T19:30:37.999Z] Node Version:  v22.12.0
[debug] [2025-11-28T19:30:37.999Z] Time:          Sat Nov 29 2025 01:00:37 GMT+0530 (India Standard Time)
[debug] [2025-11-28T19:30:37.999Z] ----------------------------------------------------------------------
[debug] 
[debug] [2025-11-28T19:30:38.005Z] > command requires scopes: ["email","openid","https://www.googleapis.com/auth/cloudplatformprojects.readonly","https://www.googleapis.com/auth/firebase","https://www.googleapis.com/auth/cloud-platform"]
[debug] [2025-11-28T19:30:38.005Z] > authorizing via signed-in user (aayushrajthakur@gmail.com)
[debug] [2025-11-28T19:30:38.008Z] Checked if tokens are valid: false, expires at: 1740942872641
[debug] [2025-11-28T19:30:38.008Z] Checked if tokens are valid: false, expires at: 1740942872641
[debug] [2025-11-28T19:30:38.009Z] > refreshing access token with scopes: []
[debug] [2025-11-28T19:30:38.010Z] >>> [apiv2][query] POST https://www.googleapis.com/oauth2/v3/token [none]
[debug] [2025-11-28T19:30:38.010Z] >>> [apiv2][body] POST https://www.googleapis.com/oauth2/v3/token [omitted]
[debug] [2025-11-28T19:30:38.278Z] <<< [apiv2][status] POST https://www.googleapis.com/oauth2/v3/token 400
[debug] [2025-11-28T19:30:38.279Z] <<< [apiv2][body] POST https://www.googleapis.com/oauth2/v3/token [omitted]
[debug] [2025-11-28T19:30:38.279Z] >>> [apiv2][query] GET https://firebase.googleapis.com/v1beta1/projects pageSize=1000
[debug] [2025-11-28T19:30:38.593Z] <<< [apiv2][status] GET https://firebase.googleapis.com/v1beta1/projects 401
[debug] [2025-11-28T19:30:38.593Z] <<< [apiv2][body] GET https://firebase.googleapis.com/v1beta1/projects [omitted]
[debug] [2025-11-28T19:30:38.593Z] Got a 401 Unauthenticated error for a call that required authentication. Refreshing tokens.
[debug] [2025-11-28T19:30:38.593Z] Checked if tokens are valid: false, expires at: 1740942872641
[debug] [2025-11-28T19:30:38.593Z] Checked if tokens are valid: false, expires at: 1740942872641
[debug] [2025-11-28T19:30:38.593Z] > refreshing access token with scopes: []
[debug] [2025-11-28T19:30:38.593Z] >>> [apiv2][query] POST https://www.googleapis.com/oauth2/v3/token [none]
[debug] [2025-11-28T19:30:38.593Z] >>> [apiv2][body] POST https://www.googleapis.com/oauth2/v3/token [omitted]
[debug] [2025-11-28T19:30:38.712Z] <<< [apiv2][status] POST https://www.googleapis.com/oauth2/v3/token 400
[debug] [2025-11-28T19:30:38.712Z] <<< [apiv2][body] POST https://www.googleapis.com/oauth2/v3/token [omitted]
[debug] [2025-11-28T19:30:38.713Z] Request to https://firebase.googleapis.com/v1beta1/projects?pageSize=1000 had HTTP Error: 401, Request had invalid authentication credentials. Expected OAuth 2 access token, login cookie or other valid authentication credential. See https://developers.google.com/identity/sign-in/web/devconsole-project.
[debug] [2025-11-28T19:30:38.934Z] FirebaseError: Request to https://firebase.googleapis.com/v1beta1/projects?pageSize=1000 had HTTP Error: 401, Request had invalid authentication credentials. Expected OAuth 2 access token, login cookie or other valid authentication credential. See https://developers.google.com/identity/sign-in/web/devconsole-project.
    at responseToError (C:\Users\Aayush raj thakur\AppData\Roaming\npm\node_modules\firebase-tools\lib\responseToError.js:53:12)
    at RetryOperation._fn (C:\Users\Aayush raj thakur\AppData\Roaming\npm\node_modules\firebase-tools\lib\apiv2.js:322:77)
    at process.processTicksAndRejections (node:internal/process/task_queues:105:5)
[error] 
[error] Error: Failed to list Firebase projects. See firebase-debug.log for more info.
